<?xml version="1.0" encoding="UTF-8"?>
<!-- Generated by org.testng.reporters.JUnitReportReporter -->
<testsuite hostname="LAPTOP-0T7QINT9" failures="0" tests="1" name="delete.PracticeInternetBanking" time="4.518" errors="0" timestamp="2024-01-16T12:41:25 IST" skipped="0">
  <testcase classname="delete.PracticeInternetBanking" name="internetBanking" time="4.518"/>
</testsuite> <!-- delete.PracticeInternetBanking -->
