<?xml version="1.0" encoding="UTF-8"?>
<!-- Generated by org.testng.reporters.JUnitReportReporter -->
<testsuite hostname="LAPTOP-0T7QINT9" failures="0" tests="1" name="delete.PracticeCreditCust" time="12.521" errors="0" timestamp="2024-01-16T12:41:06 IST" skipped="0">
  <testcase classname="delete.PracticeCreditCust" name="creditCustSmokeTest" time="12.521"/>
</testsuite> <!-- delete.PracticeCreditCust -->
