<?xml version="1.0" encoding="UTF-8"?>
<!-- Generated by org.testng.reporters.JUnitReportReporter -->
<testsuite hostname="LAPTOP-0T7QINT9" failures="0" tests="1" name="com.applyDebitCard.module.ApplyDebitCardTest" time="9.681" errors="0" timestamp="2024-01-23T15:05:09 IST" skipped="0">
  <testcase classname="com.applyDebitCard.module.ApplyDebitCardTest" name="applyDebitCardEndToEnd" time="9.681">
    <system-out>
      <![CDATA[Execution Started
applyDebitCardEndToEnd executed succesfully]]>
    </system-out>
  </testcase> <!-- applyDebitCardEndToEnd -->
  <system-out>
    <![CDATA[Execution Started
applyDebitCardEndToEnd executed succesfully
Execution Started
creditCustEndToEndTest executed succesfully
Execution Started
OpenAccSmokeTest executed succesfully
Execution Started
internetBankingSmokeTest executed succesfully]]>
  </system-out>
</testsuite> <!-- com.applyDebitCard.module.ApplyDebitCardTest -->
