<?xml version="1.0" encoding="UTF-8"?>
<!-- Generated by org.testng.reporters.JUnitReportReporter -->
<testsuite hostname="LAPTOP-0T7QINT9" failures="0" tests="1" name="com.openAccount.module.OpenAccountEndToEndTest" time="12.544" errors="0" timestamp="2024-01-23T15:06:33 IST" skipped="0">
  <testcase classname="com.openAccount.module.OpenAccountEndToEndTest" name="openAccEnd_EndTest" time="12.544">
    <system-out>
      <![CDATA[Execution Started
openAccEnd_EndTest executed succesfully]]>
    </system-out>
  </testcase> <!-- openAccEnd_EndTest -->
  <system-out>
    <![CDATA[Execution Started
Execution Started
Execution Started
Execution Started
Execution Started
internetBankingSmokeTest failed
Execution Started
internetBankingSmokeTest executed succesfully
OpenAccSmokeTest executed succesfully
creditCustEndToEndTest executed succesfully
openAccEnd_EndTest executed succesfully]]>
  </system-out>
</testsuite> <!-- com.openAccount.module.OpenAccountEndToEndTest -->
