<?xml version="1.0" encoding="UTF-8"?>
<!-- Generated by org.testng.reporters.JUnitReportReporter -->
<testsuite hostname="LAPTOP-0T7QINT9" failures="0" tests="1" name="delete.Runner" time="71.343" errors="0" timestamp="2024-01-24T09:33:31 IST" skipped="0">
  <testcase classname="delete.Runner" name="irctcTest" time="71.343"/>
</testsuite> <!-- delete.Runner -->
