<?xml version="1.0" encoding="UTF-8"?>
<!-- Generated by org.testng.reporters.JUnitReportReporter -->
<testsuite hostname="LAPTOP-0T7QINT9" failures="0" tests="1" name="delete.Practice" time="11.448" errors="0" timestamp="2024-01-19T09:54:25 IST" skipped="0">
  <testcase classname="delete.Practice" name="practice" time="11.448"/>
</testsuite> <!-- delete.Practice -->
