<?xml version="1.0" encoding="UTF-8"?>
<!-- Generated by org.testng.reporters.JUnitReportReporter -->
<testsuite hostname="LAPTOP-0T7QINT9" failures="0" tests="1" name="com.internetBanking.module.InternetBankingTest" time="1.206" errors="0" timestamp="2024-01-23T15:15:00 IST" skipped="0">
  <testcase classname="com.internetBanking.module.InternetBankingTest" name="internetBankingSmokeTest" time="1.206"/>
</testsuite> <!-- com.internetBanking.module.InternetBankingTest -->
