<?xml version="1.0" encoding="UTF-8"?>
<!-- Generated by org.testng.reporters.JUnitReportReporter -->
<testsuite hostname="LAPTOP-0T7QINT9" failures="0" tests="1" name="delete.PracticeOpenAccSmoke" time="8.216" errors="0" timestamp="2024-01-16T12:42:23 IST" skipped="0">
  <testcase classname="delete.PracticeOpenAccSmoke" name="practceOpenAccSmoke" time="8.216"/>
</testsuite> <!-- delete.PracticeOpenAccSmoke -->
