<?xml version="1.0" encoding="UTF-8"?>
<!-- Generated by org.testng.reporters.JUnitReportReporter -->
<testsuite hostname="LAPTOP-0T7QINT9" failures="0" tests="9" name="com.testng.dataproviders.DataProviders" time="0.013" errors="0" timestamp="2024-01-17T13:27:32 IST" skipped="0">
  <testcase classname="com.testng.dataproviders.DataProviders" name="check" time="0.001"/>
  <testcase classname="com.testng.dataproviders.DataProviders" name="check" time="0.005"/>
  <testcase classname="com.testng.dataproviders.DataProviders" name="check" time="0.001"/>
  <testcase classname="com.testng.dataproviders.DataProviders" name="check" time="0.001"/>
  <testcase classname="com.testng.dataproviders.DataProviders" name="check" time="0.001"/>
  <testcase classname="com.testng.dataproviders.DataProviders" name="check" time="0.001"/>
  <testcase classname="com.testng.dataproviders.DataProviders" name="check" time="0.001"/>
  <testcase classname="com.testng.dataproviders.DataProviders" name="check" time="0.001"/>
  <testcase classname="com.testng.dataproviders.DataProviders" name="check" time="0.001"/>
</testsuite> <!-- com.testng.dataproviders.DataProviders -->
