<?xml version="1.0" encoding="UTF-8"?>
<!-- Generated by org.testng.reporters.JUnitReportReporter -->
<testsuite hostname="LAPTOP-0T7QINT9" failures="0" tests="1" name="banko_oversight.OpenAccountEndToEndTest" time="5.496" errors="0" timestamp="2024-01-10T10:17:17 IST" skipped="0">
  <testcase classname="banko_oversight.OpenAccountEndToEndTest" name="openAccEnd_EndTest" time="5.496"/>
</testsuite> <!-- banko_oversight.OpenAccountEndToEndTest -->
