<?xml version="1.0" encoding="UTF-8"?>
<!-- Generated by org.testng.reporters.JUnitReportReporter -->
<testsuite hostname="LAPTOP-0T7QINT9" failures="0" tests="1" name="delete.PracticeOpenAccEndToEnd" time="20.834" errors="0" timestamp="2024-01-16T12:35:00 IST" skipped="0">
  <testcase classname="delete.PracticeOpenAccEndToEnd" name="endToEnd" time="20.834"/>
</testsuite> <!-- delete.PracticeOpenAccEndToEnd -->
