<?xml version="1.0" encoding="UTF-8"?>
<!-- Generated by org.testng.reporters.JUnitReportReporter -->
<testsuite hostname="LAPTOP-0T7QINT9" failures="0" tests="1" name="com.bo_openAccount.module.OpenAccountEndToEndTest" time="7.035" errors="0" timestamp="2024-01-10T17:41:52 IST" skipped="0">
  <testcase classname="com.bo_openAccount.module.OpenAccountEndToEndTest" name="openAccEnd_EndTest" time="7.035"/>
</testsuite> <!-- com.bo_openAccount.module.OpenAccountEndToEndTest -->
